2023-11-08T13:35:05.259+04:00  INFO 2312 --- [main] az.spring.bookstore.BookServiceTest      : Starting BookServiceTest using Java 19.0.2 with PID 2312 (started by User in C:\Users\User\Desktop\book-store)
2023-11-08T13:35:05.261+04:00  INFO 2312 --- [main] az.spring.bookstore.BookServiceTest      : No active profile set, falling back to 1 default profile: "default"
2023-11-08T13:35:06.488+04:00  INFO 2312 --- [main] .s.d.r.c.RepositoryConfigurationDelegate : Bootstrapping Spring Data JPA repositories in DEFAULT mode.
2023-11-08T13:35:06.583+04:00  INFO 2312 --- [main] .s.d.r.c.RepositoryConfigurationDelegate : Finished Spring Data repository scanning in 83 ms. Found 4 JPA repository interfaces.
2023-11-08T13:35:08.223+04:00  INFO 2312 --- [main] com.zaxxer.hikari.HikariDataSource       : HikariPool-1 - Starting...
2023-11-08T13:35:08.678+04:00  INFO 2312 --- [main] com.zaxxer.hikari.pool.HikariPool        : HikariPool-1 - Added connection com.mysql.cj.jdbc.ConnectionImpl@fbe8fd3
2023-11-08T13:35:08.680+04:00  INFO 2312 --- [main] com.zaxxer.hikari.HikariDataSource       : HikariPool-1 - Start completed.
2023-11-08T13:35:08.754+04:00  INFO 2312 --- [main] SQL dialect                              : HHH000400: Using dialect: org.hibernate.dialect.MySQLDialect
2023-11-08T13:35:10.253+04:00  INFO 2312 --- [main] j.LocalContainerEntityManagerFactoryBean : Initialized JPA EntityManagerFactory for persistence unit 'default'
2023-11-08T13:35:11.539+04:00  INFO 2312 --- [main] o.s.s.web.DefaultSecurityFilterChain     : Will secure any request with [org.springframework.security.web.session.DisableEncodeUrlFilter@a589070, org.springframework.security.web.context.request.async.WebAsyncManagerIntegrationFilter@747216b6, org.springframework.security.web.context.SecurityContextHolderFilter@5d8de155, org.springframework.security.web.header.HeaderWriterFilter@138d85f8, org.springframework.web.filter.CorsFilter@7ee6d5fd, org.springframework.security.web.authentication.logout.LogoutFilter@361a1e86, az.spring.bookstore.security.JwtRequestFilter@1f9a5d3b, org.springframework.security.web.savedrequest.RequestCacheAwareFilter@6d4dac56, org.springframework.security.web.servletapi.SecurityContextHolderAwareRequestFilter@2ce7d43, org.springframework.security.web.authentication.AnonymousAuthenticationFilter@358bbbe2, org.springframework.security.web.session.SessionManagementFilter@3b5f72fa, org.springframework.security.web.access.ExceptionTranslationFilter@7789719e, org.springframework.security.web.access.intercept.AuthorizationFilter@f4e235e]
2023-11-08T13:35:12.019+04:00  INFO 2312 --- [main] az.spring.bookstore.BookServiceTest      : Started BookServiceTest in 7.261 seconds (process running for 8.84)
2023-11-08T13:35:12.161+04:00  INFO 2312 --- [SpringApplicationShutdownHook] j.LocalContainerEntityManagerFactoryBean : Closing JPA EntityManagerFactory for persistence unit 'default'
2023-11-08T13:35:12.165+04:00  INFO 2312 --- [SpringApplicationShutdownHook] com.zaxxer.hikari.HikariDataSource       : HikariPool-1 - Shutdown initiated...
2023-11-08T13:35:12.178+04:00  INFO 2312 --- [SpringApplicationShutdownHook] com.zaxxer.hikari.HikariDataSource       : HikariPool-1 - Shutdown completed.
2023-11-08T13:35:32.874+04:00  INFO 5208 --- [main] az.spring.bookstore.BookServiceTest      : Starting BookServiceTest using Java 19.0.2 with PID 5208 (started by User in C:\Users\User\Desktop\book-store)
2023-11-08T13:35:32.877+04:00  INFO 5208 --- [main] az.spring.bookstore.BookServiceTest      : No active profile set, falling back to 1 default profile: "default"
2023-11-08T13:35:33.815+04:00  INFO 5208 --- [main] .s.d.r.c.RepositoryConfigurationDelegate : Bootstrapping Spring Data JPA repositories in DEFAULT mode.
2023-11-08T13:35:33.934+04:00  INFO 5208 --- [main] .s.d.r.c.RepositoryConfigurationDelegate : Finished Spring Data repository scanning in 106 ms. Found 4 JPA repository interfaces.
2023-11-08T13:35:35.658+04:00  INFO 5208 --- [main] com.zaxxer.hikari.HikariDataSource       : HikariPool-1 - Starting...
2023-11-08T13:35:36.131+04:00  INFO 5208 --- [main] com.zaxxer.hikari.pool.HikariPool        : HikariPool-1 - Added connection com.mysql.cj.jdbc.ConnectionImpl@201a8ea7
2023-11-08T13:35:36.135+04:00  INFO 5208 --- [main] com.zaxxer.hikari.HikariDataSource       : HikariPool-1 - Start completed.
2023-11-08T13:35:36.192+04:00  INFO 5208 --- [main] SQL dialect                              : HHH000400: Using dialect: org.hibernate.dialect.MySQLDialect
2023-11-08T13:35:38.059+04:00  INFO 5208 --- [main] j.LocalContainerEntityManagerFactoryBean : Initialized JPA EntityManagerFactory for persistence unit 'default'
2023-11-08T13:35:39.352+04:00  INFO 5208 --- [main] o.s.s.web.DefaultSecurityFilterChain     : Will secure any request with [org.springframework.security.web.session.DisableEncodeUrlFilter@6bd5aa8b, org.springframework.security.web.context.request.async.WebAsyncManagerIntegrationFilter@3af17313, org.springframework.security.web.context.SecurityContextHolderFilter@5037f491, org.springframework.security.web.header.HeaderWriterFilter@532782f5, org.springframework.web.filter.CorsFilter@1737acc0, org.springframework.security.web.authentication.logout.LogoutFilter@2f29046b, az.spring.bookstore.security.JwtRequestFilter@5397d41e, org.springframework.security.web.savedrequest.RequestCacheAwareFilter@511ba9c9, org.springframework.security.web.servletapi.SecurityContextHolderAwareRequestFilter@3debeb5e, org.springframework.security.web.authentication.AnonymousAuthenticationFilter@30ffc3c0, org.springframework.security.web.session.SessionManagementFilter@6c65c6f0, org.springframework.security.web.access.ExceptionTranslationFilter@5e5f5ddf, org.springframework.security.web.access.intercept.AuthorizationFilter@83b39c3]
2023-11-08T13:35:39.795+04:00  INFO 5208 --- [main] az.spring.bookstore.BookServiceTest      : Started BookServiceTest in 7.364 seconds (process running for 8.896)
2023-11-08T13:35:39.914+04:00  INFO 5208 --- [SpringApplicationShutdownHook] j.LocalContainerEntityManagerFactoryBean : Closing JPA EntityManagerFactory for persistence unit 'default'
2023-11-08T13:35:39.919+04:00  INFO 5208 --- [SpringApplicationShutdownHook] com.zaxxer.hikari.HikariDataSource       : HikariPool-1 - Shutdown initiated...
2023-11-08T13:35:39.933+04:00  INFO 5208 --- [SpringApplicationShutdownHook] com.zaxxer.hikari.HikariDataSource       : HikariPool-1 - Shutdown completed.
2023-11-08T13:38:44.691+04:00  INFO 16524 --- [main] az.spring.bookstore.BookServiceTest      : Starting BookServiceTest using Java 19.0.2 with PID 16524 (started by User in C:\Users\User\Desktop\book-store)
2023-11-08T13:38:44.693+04:00  INFO 16524 --- [main] az.spring.bookstore.BookServiceTest      : No active profile set, falling back to 1 default profile: "default"
2023-11-08T13:38:45.589+04:00  INFO 16524 --- [main] .s.d.r.c.RepositoryConfigurationDelegate : Bootstrapping Spring Data JPA repositories in DEFAULT mode.
2023-11-08T13:38:45.668+04:00  INFO 16524 --- [main] .s.d.r.c.RepositoryConfigurationDelegate : Finished Spring Data repository scanning in 69 ms. Found 4 JPA repository interfaces.
2023-11-08T13:38:47.255+04:00  INFO 16524 --- [main] com.zaxxer.hikari.HikariDataSource       : HikariPool-1 - Starting...
2023-11-08T13:38:47.647+04:00  INFO 16524 --- [main] com.zaxxer.hikari.pool.HikariPool        : HikariPool-1 - Added connection com.mysql.cj.jdbc.ConnectionImpl@2fafa7b5
2023-11-08T13:38:47.649+04:00  INFO 16524 --- [main] com.zaxxer.hikari.HikariDataSource       : HikariPool-1 - Start completed.
2023-11-08T13:38:47.723+04:00  INFO 16524 --- [main] SQL dialect                              : HHH000400: Using dialect: org.hibernate.dialect.MySQLDialect
2023-11-08T13:38:49.140+04:00  INFO 16524 --- [main] j.LocalContainerEntityManagerFactoryBean : Initialized JPA EntityManagerFactory for persistence unit 'default'
2023-11-08T13:38:50.330+04:00  INFO 16524 --- [main] o.s.s.web.DefaultSecurityFilterChain     : Will secure any request with [org.springframework.security.web.session.DisableEncodeUrlFilter@358bbbe2, org.springframework.security.web.context.request.async.WebAsyncManagerIntegrationFilter@7b9e7633, org.springframework.security.web.context.SecurityContextHolderFilter@2ce7d43, org.springframework.security.web.header.HeaderWriterFilter@4af8ff3, org.springframework.web.filter.CorsFilter@1fbd0850, org.springframework.security.web.authentication.logout.LogoutFilter@4ce4c097, az.spring.bookstore.security.JwtRequestFilter@2cc7b63d, org.springframework.security.web.savedrequest.RequestCacheAwareFilter@1ca55d5, org.springframework.security.web.servletapi.SecurityContextHolderAwareRequestFilter@16576a6, org.springframework.security.web.authentication.AnonymousAuthenticationFilter@57bc7f67, org.springframework.security.web.session.SessionManagementFilter@5d8de155, org.springframework.security.web.access.ExceptionTranslationFilter@3edb09b9, org.springframework.security.web.access.intercept.AuthorizationFilter@a589070]
2023-11-08T13:38:50.730+04:00  INFO 16524 --- [main] az.spring.bookstore.BookServiceTest      : Started BookServiceTest in 6.517 seconds (process running for 7.851)
2023-11-08T13:38:50.900+04:00  INFO 16524 --- [SpringApplicationShutdownHook] j.LocalContainerEntityManagerFactoryBean : Closing JPA EntityManagerFactory for persistence unit 'default'
2023-11-08T13:38:50.903+04:00  INFO 16524 --- [SpringApplicationShutdownHook] com.zaxxer.hikari.HikariDataSource       : HikariPool-1 - Shutdown initiated...
2023-11-08T13:38:50.918+04:00  INFO 16524 --- [SpringApplicationShutdownHook] com.zaxxer.hikari.HikariDataSource       : HikariPool-1 - Shutdown completed.
