2023-11-03T11:22:36.327+04:00  INFO 9248 --- [restartedMain] a.spring.bookstore.BookstoreApplication  : Starting BookstoreApplication using Java 19.0.2 with PID 9248 (C:\Users\User\Desktop\book-store\target\classes started by User in C:\Users\User\Desktop\book-store)
2023-11-03T11:22:36.332+04:00  INFO 9248 --- [restartedMain] a.spring.bookstore.BookstoreApplication  : No active profile set, falling back to 1 default profile: "default"
2023-11-03T11:22:36.412+04:00  INFO 9248 --- [restartedMain] .e.DevToolsPropertyDefaultsPostProcessor : Devtools property defaults active! Set 'spring.devtools.add-properties' to 'false' to disable
2023-11-03T11:22:36.413+04:00  INFO 9248 --- [restartedMain] .e.DevToolsPropertyDefaultsPostProcessor : For additional web related logging consider setting the 'logging.level.web' property to 'DEBUG'
2023-11-03T11:22:37.697+04:00  INFO 9248 --- [restartedMain] .s.d.r.c.RepositoryConfigurationDelegate : Bootstrapping Spring Data JPA repositories in DEFAULT mode.
2023-11-03T11:22:37.825+04:00  INFO 9248 --- [restartedMain] .s.d.r.c.RepositoryConfigurationDelegate : Finished Spring Data repository scanning in 111 ms. Found 4 JPA repository interfaces.
2023-11-03T11:22:38.942+04:00  INFO 9248 --- [restartedMain] o.s.b.w.embedded.tomcat.TomcatWebServer  : Tomcat initialized with port(s): 8585 (http)
2023-11-03T11:22:38.957+04:00  INFO 9248 --- [restartedMain] o.apache.catalina.core.StandardService   : Starting service [Tomcat]
2023-11-03T11:22:38.957+04:00  INFO 9248 --- [restartedMain] o.apache.catalina.core.StandardEngine    : Starting Servlet engine: [Apache Tomcat/10.1.1]
2023-11-03T11:22:39.039+04:00  INFO 9248 --- [restartedMain] o.a.c.c.C.[Tomcat].[localhost].[/]       : Initializing Spring embedded WebApplicationContext
2023-11-03T11:22:39.039+04:00  INFO 9248 --- [restartedMain] w.s.c.ServletWebServerApplicationContext : Root WebApplicationContext: initialization completed in 2626 ms
2023-11-03T11:22:39.951+04:00  INFO 9248 --- [restartedMain] com.zaxxer.hikari.HikariDataSource       : HikariPool-1 - Starting...
2023-11-03T11:22:40.464+04:00  INFO 9248 --- [restartedMain] com.zaxxer.hikari.pool.HikariPool        : HikariPool-1 - Added connection com.mysql.cj.jdbc.ConnectionImpl@12fab505
2023-11-03T11:22:40.470+04:00  INFO 9248 --- [restartedMain] com.zaxxer.hikari.HikariDataSource       : HikariPool-1 - Start completed.
2023-11-03T11:22:40.553+04:00  INFO 9248 --- [restartedMain] SQL dialect                              : HHH000400: Using dialect: org.hibernate.dialect.MySQLDialect
2023-11-03T11:22:42.391+04:00  INFO 9248 --- [restartedMain] j.LocalContainerEntityManagerFactoryBean : Initialized JPA EntityManagerFactory for persistence unit 'default'
2023-11-03T11:22:43.525+04:00  INFO 9248 --- [restartedMain] o.s.s.web.DefaultSecurityFilterChain     : Will secure any request with [org.springframework.security.web.session.DisableEncodeUrlFilter@2345a960, org.springframework.security.web.context.request.async.WebAsyncManagerIntegrationFilter@1a190120, org.springframework.security.web.context.SecurityContextHolderFilter@6a44833, org.springframework.security.web.header.HeaderWriterFilter@349623c7, org.springframework.web.filter.CorsFilter@3722cc2, org.springframework.security.web.authentication.logout.LogoutFilter@4c9b8004, az.spring.bookstore.security.JwtRequestFilter@274cb9da, org.springframework.security.web.savedrequest.RequestCacheAwareFilter@1df3a66d, org.springframework.security.web.servletapi.SecurityContextHolderAwareRequestFilter@4a4a89c7, org.springframework.security.web.authentication.AnonymousAuthenticationFilter@1628c1ac, org.springframework.security.web.session.SessionManagementFilter@3d309c0, org.springframework.security.web.access.ExceptionTranslationFilter@5d2b4781, org.springframework.security.web.access.intercept.AuthorizationFilter@6bea51f1]
2023-11-03T11:22:43.816+04:00  INFO 9248 --- [restartedMain] o.s.b.d.a.OptionalLiveReloadServer       : LiveReload server is running on port 35729
2023-11-03T11:22:43.871+04:00  INFO 9248 --- [restartedMain] o.s.b.w.embedded.tomcat.TomcatWebServer  : Tomcat started on port(s): 8585 (http) with context path ''
2023-11-03T11:22:43.879+04:00  INFO 9248 --- [restartedMain] a.spring.bookstore.BookstoreApplication  : Started BookstoreApplication in 8.326 seconds (process running for 9.624)
2023-11-03T11:23:32.247+04:00  INFO 9248 --- [http-nio-8585-exec-1] o.a.c.c.C.[Tomcat].[localhost].[/]       : Initializing Spring DispatcherServlet 'dispatcherServlet'
2023-11-03T11:23:54.366+04:00  INFO 9248 --- [SpringApplicationShutdownHook] j.LocalContainerEntityManagerFactoryBean : Closing JPA EntityManagerFactory for persistence unit 'default'
2023-11-03T11:23:54.371+04:00  INFO 9248 --- [SpringApplicationShutdownHook] com.zaxxer.hikari.HikariDataSource       : HikariPool-1 - Shutdown initiated...
2023-11-03T11:23:54.386+04:00  INFO 9248 --- [SpringApplicationShutdownHook] com.zaxxer.hikari.HikariDataSource       : HikariPool-1 - Shutdown completed.
2023-11-03T11:23:58.664+04:00  INFO 6256 --- [restartedMain] a.spring.bookstore.BookstoreApplication  : Starting BookstoreApplication using Java 19.0.2 with PID 6256 (C:\Users\User\Desktop\book-store\target\classes started by User in C:\Users\User\Desktop\book-store)
2023-11-03T11:23:58.667+04:00  INFO 6256 --- [restartedMain] a.spring.bookstore.BookstoreApplication  : No active profile set, falling back to 1 default profile: "default"
2023-11-03T11:23:58.719+04:00  INFO 6256 --- [restartedMain] .e.DevToolsPropertyDefaultsPostProcessor : Devtools property defaults active! Set 'spring.devtools.add-properties' to 'false' to disable
2023-11-03T11:23:58.719+04:00  INFO 6256 --- [restartedMain] .e.DevToolsPropertyDefaultsPostProcessor : For additional web related logging consider setting the 'logging.level.web' property to 'DEBUG'
2023-11-03T11:23:59.378+04:00  INFO 6256 --- [restartedMain] .s.d.r.c.RepositoryConfigurationDelegate : Bootstrapping Spring Data JPA repositories in DEFAULT mode.
2023-11-03T11:23:59.445+04:00  INFO 6256 --- [restartedMain] .s.d.r.c.RepositoryConfigurationDelegate : Finished Spring Data repository scanning in 61 ms. Found 4 JPA repository interfaces.
2023-11-03T11:24:00.041+04:00  INFO 6256 --- [restartedMain] o.s.b.w.embedded.tomcat.TomcatWebServer  : Tomcat initialized with port(s): 8585 (http)
2023-11-03T11:24:00.049+04:00  INFO 6256 --- [restartedMain] o.apache.catalina.core.StandardService   : Starting service [Tomcat]
2023-11-03T11:24:00.050+04:00  INFO 6256 --- [restartedMain] o.apache.catalina.core.StandardEngine    : Starting Servlet engine: [Apache Tomcat/10.1.1]
2023-11-03T11:24:00.130+04:00  INFO 6256 --- [restartedMain] o.a.c.c.C.[Tomcat].[localhost].[/]       : Initializing Spring embedded WebApplicationContext
2023-11-03T11:24:00.130+04:00  INFO 6256 --- [restartedMain] w.s.c.ServletWebServerApplicationContext : Root WebApplicationContext: initialization completed in 1410 ms
2023-11-03T11:24:00.501+04:00  INFO 6256 --- [restartedMain] com.zaxxer.hikari.HikariDataSource       : HikariPool-1 - Starting...
2023-11-03T11:24:00.781+04:00  INFO 6256 --- [restartedMain] com.zaxxer.hikari.pool.HikariPool        : HikariPool-1 - Added connection com.mysql.cj.jdbc.ConnectionImpl@3b74555d
2023-11-03T11:24:00.783+04:00  INFO 6256 --- [restartedMain] com.zaxxer.hikari.HikariDataSource       : HikariPool-1 - Start completed.
2023-11-03T11:24:00.836+04:00  INFO 6256 --- [restartedMain] SQL dialect                              : HHH000400: Using dialect: org.hibernate.dialect.MySQLDialect
2023-11-03T11:24:01.878+04:00  INFO 6256 --- [restartedMain] j.LocalContainerEntityManagerFactoryBean : Initialized JPA EntityManagerFactory for persistence unit 'default'
2023-11-03T11:24:02.612+04:00  INFO 6256 --- [restartedMain] o.s.s.web.DefaultSecurityFilterChain     : Will secure any request with [org.springframework.security.web.session.DisableEncodeUrlFilter@4ed453b6, org.springframework.security.web.context.request.async.WebAsyncManagerIntegrationFilter@722dc231, org.springframework.security.web.context.SecurityContextHolderFilter@45005b82, org.springframework.security.web.header.HeaderWriterFilter@365da311, org.springframework.web.filter.CorsFilter@1c30b744, org.springframework.security.web.authentication.logout.LogoutFilter@2b500bda, az.spring.bookstore.security.JwtRequestFilter@274cb9da, org.springframework.security.web.savedrequest.RequestCacheAwareFilter@14d1a46d, org.springframework.security.web.servletapi.SecurityContextHolderAwareRequestFilter@645e3222, org.springframework.security.web.authentication.AnonymousAuthenticationFilter@2222a168, org.springframework.security.web.session.SessionManagementFilter@2db07e85, org.springframework.security.web.access.ExceptionTranslationFilter@7320a464, org.springframework.security.web.access.intercept.AuthorizationFilter@76294d90]
2023-11-03T11:24:02.820+04:00  INFO 6256 --- [restartedMain] o.s.b.d.a.OptionalLiveReloadServer       : LiveReload server is running on port 35729
2023-11-03T11:24:02.860+04:00  INFO 6256 --- [restartedMain] o.s.b.w.embedded.tomcat.TomcatWebServer  : Tomcat started on port(s): 8585 (http) with context path ''
2023-11-03T11:24:02.871+04:00  INFO 6256 --- [restartedMain] a.spring.bookstore.BookstoreApplication  : Started BookstoreApplication in 4.732 seconds (process running for 5.465)
2023-11-03T11:24:06.949+04:00  INFO 6256 --- [http-nio-8585-exec-1] o.a.c.c.C.[Tomcat].[localhost].[/]       : Initializing Spring DispatcherServlet 'dispatcherServlet'
2023-11-03T11:24:07.111+04:00 ERROR 6256 --- [http-nio-8585-exec-1] a.s.b.exception.handler.CustomException  : handlerAuthorNotFoundException Author not found : 
2023-11-03T11:24:15.433+04:00 ERROR 6256 --- [http-nio-8585-exec-7] a.s.b.exception.handler.CustomException  : handlerStudentNotFoundException Student not found : 
2023-11-03T11:25:04.534+04:00  INFO 6256 --- [SpringApplicationShutdownHook] j.LocalContainerEntityManagerFactoryBean : Closing JPA EntityManagerFactory for persistence unit 'default'
2023-11-03T11:25:04.539+04:00  INFO 6256 --- [SpringApplicationShutdownHook] com.zaxxer.hikari.HikariDataSource       : HikariPool-1 - Shutdown initiated...
2023-11-03T11:25:04.552+04:00  INFO 6256 --- [SpringApplicationShutdownHook] com.zaxxer.hikari.HikariDataSource       : HikariPool-1 - Shutdown completed.
2023-11-03T11:25:09.012+04:00  INFO 10456 --- [restartedMain] a.spring.bookstore.BookstoreApplication  : Starting BookstoreApplication using Java 19.0.2 with PID 10456 (C:\Users\User\Desktop\book-store\target\classes started by User in C:\Users\User\Desktop\book-store)
2023-11-03T11:25:09.015+04:00  INFO 10456 --- [restartedMain] a.spring.bookstore.BookstoreApplication  : No active profile set, falling back to 1 default profile: "default"
2023-11-03T11:25:09.074+04:00  INFO 10456 --- [restartedMain] .e.DevToolsPropertyDefaultsPostProcessor : Devtools property defaults active! Set 'spring.devtools.add-properties' to 'false' to disable
2023-11-03T11:25:09.074+04:00  INFO 10456 --- [restartedMain] .e.DevToolsPropertyDefaultsPostProcessor : For additional web related logging consider setting the 'logging.level.web' property to 'DEBUG'
2023-11-03T11:25:09.747+04:00  INFO 10456 --- [restartedMain] .s.d.r.c.RepositoryConfigurationDelegate : Bootstrapping Spring Data JPA repositories in DEFAULT mode.
2023-11-03T11:25:09.816+04:00  INFO 10456 --- [restartedMain] .s.d.r.c.RepositoryConfigurationDelegate : Finished Spring Data repository scanning in 59 ms. Found 4 JPA repository interfaces.
2023-11-03T11:25:10.508+04:00  INFO 10456 --- [restartedMain] o.s.b.w.embedded.tomcat.TomcatWebServer  : Tomcat initialized with port(s): 8585 (http)
2023-11-03T11:25:10.523+04:00  INFO 10456 --- [restartedMain] o.apache.catalina.core.StandardService   : Starting service [Tomcat]
2023-11-03T11:25:10.523+04:00  INFO 10456 --- [restartedMain] o.apache.catalina.core.StandardEngine    : Starting Servlet engine: [Apache Tomcat/10.1.1]
2023-11-03T11:25:10.578+04:00  INFO 10456 --- [restartedMain] o.a.c.c.C.[Tomcat].[localhost].[/]       : Initializing Spring embedded WebApplicationContext
2023-11-03T11:25:10.578+04:00  INFO 10456 --- [restartedMain] w.s.c.ServletWebServerApplicationContext : Root WebApplicationContext: initialization completed in 1503 ms
2023-11-03T11:25:11.104+04:00  INFO 10456 --- [restartedMain] com.zaxxer.hikari.HikariDataSource       : HikariPool-1 - Starting...
2023-11-03T11:25:11.392+04:00  INFO 10456 --- [restartedMain] com.zaxxer.hikari.pool.HikariPool        : HikariPool-1 - Added connection com.mysql.cj.jdbc.ConnectionImpl@6998f4f9
2023-11-03T11:25:11.394+04:00  INFO 10456 --- [restartedMain] com.zaxxer.hikari.HikariDataSource       : HikariPool-1 - Start completed.
2023-11-03T11:25:11.440+04:00  INFO 10456 --- [restartedMain] SQL dialect                              : HHH000400: Using dialect: org.hibernate.dialect.MySQLDialect
2023-11-03T11:25:12.554+04:00  INFO 10456 --- [restartedMain] j.LocalContainerEntityManagerFactoryBean : Initialized JPA EntityManagerFactory for persistence unit 'default'
2023-11-03T11:25:13.375+04:00  INFO 10456 --- [restartedMain] o.s.s.web.DefaultSecurityFilterChain     : Will secure any request with [org.springframework.security.web.session.DisableEncodeUrlFilter@6bea51f1, org.springframework.security.web.context.request.async.WebAsyncManagerIntegrationFilter@14d1a46d, org.springframework.security.web.context.SecurityContextHolderFilter@3d309c0, org.springframework.security.web.header.HeaderWriterFilter@75de3539, org.springframework.web.filter.CorsFilter@645e3222, org.springframework.security.web.authentication.logout.LogoutFilter@4d6a3185, az.spring.bookstore.security.JwtRequestFilter@4a5730f2, org.springframework.security.web.savedrequest.RequestCacheAwareFilter@30fcf256, org.springframework.security.web.servletapi.SecurityContextHolderAwareRequestFilter@6a44833, org.springframework.security.web.authentication.AnonymousAuthenticationFilter@2345a960, org.springframework.security.web.session.SessionManagementFilter@7bfcdc21, org.springframework.security.web.access.ExceptionTranslationFilter@7c91d42e, org.springframework.security.web.access.intercept.AuthorizationFilter@4de6545d]
2023-11-03T11:25:13.650+04:00  INFO 10456 --- [restartedMain] o.s.b.d.a.OptionalLiveReloadServer       : LiveReload server is running on port 35729
2023-11-03T11:25:13.694+04:00  INFO 10456 --- [restartedMain] o.s.b.w.embedded.tomcat.TomcatWebServer  : Tomcat started on port(s): 8585 (http) with context path ''
2023-11-03T11:25:13.708+04:00  INFO 10456 --- [restartedMain] a.spring.bookstore.BookstoreApplication  : Started BookstoreApplication in 5.238 seconds (process running for 5.997)
2023-11-03T11:25:16.539+04:00  INFO 10456 --- [http-nio-8585-exec-3] o.a.c.c.C.[Tomcat].[localhost].[/]       : Initializing Spring DispatcherServlet 'dispatcherServlet'
2023-11-03T11:26:39.496+04:00  INFO 10456 --- [File Watcher] rtingClassPathChangeChangedEventListener : Restarting due to 1 class path change (0 additions, 1 deletion, 0 modifications)
2023-11-03T11:26:39.519+04:00  INFO 10456 --- [Thread-5] o.apache.catalina.core.StandardService   : Stopping service [Tomcat]
2023-11-03T11:26:39.521+04:00  INFO 10456 --- [Thread-5] o.a.c.c.C.[Tomcat].[localhost].[/]       : Destroying Spring FrameworkServlet 'dispatcherServlet'
2023-11-03T11:26:39.525+04:00  WARN 10456 --- [Thread-5] o.a.c.loader.WebappClassLoaderBase       : The web application [ROOT] appears to have started a thread named [HikariPool-1 housekeeper] but has failed to stop it. This is very likely to create a memory leak. Stack trace of thread:
 java.base/jdk.internal.misc.Unsafe.park(Native Method)
 java.base/java.util.concurrent.locks.LockSupport.parkNanos(LockSupport.java:269)
 java.base/java.util.concurrent.locks.AbstractQueuedSynchronizer$ConditionObject.awaitNanos(AbstractQueuedSynchronizer.java:1674)
 java.base/java.util.concurrent.ScheduledThreadPoolExecutor$DelayedWorkQueue.take(ScheduledThreadPoolExecutor.java:1182)
 java.base/java.util.concurrent.ScheduledThreadPoolExecutor$DelayedWorkQueue.take(ScheduledThreadPoolExecutor.java:899)
 java.base/java.util.concurrent.ThreadPoolExecutor.getTask(ThreadPoolExecutor.java:1070)
 java.base/java.util.concurrent.ThreadPoolExecutor.runWorker(ThreadPoolExecutor.java:1130)
 java.base/java.util.concurrent.ThreadPoolExecutor$Worker.run(ThreadPoolExecutor.java:642)
 java.base/java.lang.Thread.run(Thread.java:1589)
2023-11-03T11:26:39.533+04:00  INFO 10456 --- [Thread-5] j.LocalContainerEntityManagerFactoryBean : Closing JPA EntityManagerFactory for persistence unit 'default'
2023-11-03T11:26:39.536+04:00  INFO 10456 --- [Thread-5] com.zaxxer.hikari.HikariDataSource       : HikariPool-1 - Shutdown initiated...
2023-11-03T11:26:39.547+04:00  INFO 10456 --- [Thread-5] com.zaxxer.hikari.HikariDataSource       : HikariPool-1 - Shutdown completed.
2023-11-03T11:26:39.642+04:00  INFO 10456 --- [restartedMain] a.spring.bookstore.BookstoreApplication  : Starting BookstoreApplication using Java 19.0.2 with PID 10456 (C:\Users\User\Desktop\book-store\target\classes started by User in C:\Users\User\Desktop\book-store)
2023-11-03T11:26:39.643+04:00  INFO 10456 --- [restartedMain] a.spring.bookstore.BookstoreApplication  : No active profile set, falling back to 1 default profile: "default"
2023-11-03T11:26:39.893+04:00  INFO 10456 --- [restartedMain] .s.d.r.c.RepositoryConfigurationDelegate : Bootstrapping Spring Data JPA repositories in DEFAULT mode.
2023-11-03T11:26:39.916+04:00  INFO 10456 --- [restartedMain] .s.d.r.c.RepositoryConfigurationDelegate : Finished Spring Data repository scanning in 22 ms. Found 4 JPA repository interfaces.
2023-11-03T11:26:40.057+04:00  INFO 10456 --- [restartedMain] o.s.b.w.embedded.tomcat.TomcatWebServer  : Tomcat initialized with port(s): 8585 (http)
2023-11-03T11:26:40.058+04:00  INFO 10456 --- [restartedMain] o.apache.catalina.core.StandardService   : Starting service [Tomcat]
2023-11-03T11:26:40.058+04:00  INFO 10456 --- [restartedMain] o.apache.catalina.core.StandardEngine    : Starting Servlet engine: [Apache Tomcat/10.1.1]
2023-11-03T11:26:40.078+04:00  INFO 10456 --- [restartedMain] o.a.c.c.C.[Tomcat].[localhost].[/]       : Initializing Spring embedded WebApplicationContext
2023-11-03T11:26:40.078+04:00  INFO 10456 --- [restartedMain] w.s.c.ServletWebServerApplicationContext : Root WebApplicationContext: initialization completed in 433 ms
2023-11-03T11:26:40.149+04:00  INFO 10456 --- [restartedMain] com.zaxxer.hikari.HikariDataSource       : HikariPool-2 - Starting...
2023-11-03T11:26:40.171+04:00  INFO 10456 --- [restartedMain] com.zaxxer.hikari.pool.HikariPool        : HikariPool-2 - Added connection com.mysql.cj.jdbc.ConnectionImpl@3a886853
2023-11-03T11:26:40.172+04:00  INFO 10456 --- [restartedMain] com.zaxxer.hikari.HikariDataSource       : HikariPool-2 - Start completed.
2023-11-03T11:26:40.174+04:00  INFO 10456 --- [restartedMain] SQL dialect                              : HHH000400: Using dialect: org.hibernate.dialect.MySQLDialect
2023-11-03T11:26:40.302+04:00  INFO 10456 --- [restartedMain] j.LocalContainerEntityManagerFactoryBean : Initialized JPA EntityManagerFactory for persistence unit 'default'
2023-11-03T11:26:40.559+04:00  WARN 10456 --- [restartedMain] ConfigServletWebServerApplicationContext : Exception encountered during context initialization - cancelling refresh attempt: org.springframework.beans.factory.UnsatisfiedDependencyException: Error creating bean with name 'subscriptionController' defined in file [C:\Users\User\Desktop\book-store\target\classes\az\spring\bookstore\controller\SubscriptionController.class]: Unsatisfied dependency expressed through constructor parameter 0: No qualifying bean of type 'az.spring.bookstore.service.SubscriptionService' available: expected at least 1 bean which qualifies as autowire candidate. Dependency annotations: {}
2023-11-03T11:26:40.560+04:00  INFO 10456 --- [restartedMain] j.LocalContainerEntityManagerFactoryBean : Closing JPA EntityManagerFactory for persistence unit 'default'
2023-11-03T11:26:40.561+04:00  INFO 10456 --- [restartedMain] com.zaxxer.hikari.HikariDataSource       : HikariPool-2 - Shutdown initiated...
2023-11-03T11:26:40.578+04:00  INFO 10456 --- [restartedMain] com.zaxxer.hikari.HikariDataSource       : HikariPool-2 - Shutdown completed.
2023-11-03T11:26:40.579+04:00  INFO 10456 --- [restartedMain] o.apache.catalina.core.StandardService   : Stopping service [Tomcat]
2023-11-03T11:26:40.587+04:00  INFO 10456 --- [restartedMain] .s.b.a.l.ConditionEvaluationReportLogger : 

Error starting ApplicationContext. To display the condition evaluation report re-run your application with 'debug' enabled.
2023-11-03T11:26:40.623+04:00 ERROR 10456 --- [restartedMain] o.s.b.d.LoggingFailureAnalysisReporter   : 

***************************
APPLICATION FAILED TO START
***************************

Description:

Parameter 0 of constructor in az.spring.bookstore.controller.SubscriptionController required a bean of type 'az.spring.bookstore.service.SubscriptionService' that could not be found.


Action:

Consider defining a bean of type 'az.spring.bookstore.service.SubscriptionService' in your configuration.

2023-11-03T11:26:42.099+04:00  INFO 10456 --- [restartedMain] a.spring.bookstore.BookstoreApplication  : Starting BookstoreApplication using Java 19.0.2 with PID 10456 (C:\Users\User\Desktop\book-store\target\classes started by User in C:\Users\User\Desktop\book-store)
2023-11-03T11:26:42.100+04:00  INFO 10456 --- [restartedMain] a.spring.bookstore.BookstoreApplication  : No active profile set, falling back to 1 default profile: "default"
2023-11-03T11:26:42.288+04:00  INFO 10456 --- [restartedMain] .s.d.r.c.RepositoryConfigurationDelegate : Bootstrapping Spring Data JPA repositories in DEFAULT mode.
2023-11-03T11:26:42.304+04:00  INFO 10456 --- [restartedMain] .s.d.r.c.RepositoryConfigurationDelegate : Finished Spring Data repository scanning in 15 ms. Found 4 JPA repository interfaces.
2023-11-03T11:26:42.437+04:00  INFO 10456 --- [restartedMain] o.s.b.w.embedded.tomcat.TomcatWebServer  : Tomcat initialized with port(s): 8585 (http)
2023-11-03T11:26:42.438+04:00  INFO 10456 --- [restartedMain] o.apache.catalina.core.StandardService   : Starting service [Tomcat]
2023-11-03T11:26:42.438+04:00  INFO 10456 --- [restartedMain] o.apache.catalina.core.StandardEngine    : Starting Servlet engine: [Apache Tomcat/10.1.1]
2023-11-03T11:26:42.453+04:00  INFO 10456 --- [restartedMain] o.a.c.c.C.[Tomcat-1].[localhost].[/]     : Initializing Spring embedded WebApplicationContext
2023-11-03T11:26:42.453+04:00  INFO 10456 --- [restartedMain] w.s.c.ServletWebServerApplicationContext : Root WebApplicationContext: initialization completed in 351 ms
2023-11-03T11:26:42.488+04:00  INFO 10456 --- [restartedMain] com.zaxxer.hikari.HikariDataSource       : HikariPool-3 - Starting...
2023-11-03T11:26:42.503+04:00  INFO 10456 --- [restartedMain] com.zaxxer.hikari.pool.HikariPool        : HikariPool-3 - Added connection com.mysql.cj.jdbc.ConnectionImpl@b497697
2023-11-03T11:26:42.503+04:00  INFO 10456 --- [restartedMain] com.zaxxer.hikari.HikariDataSource       : HikariPool-3 - Start completed.
2023-11-03T11:26:42.505+04:00  INFO 10456 --- [restartedMain] SQL dialect                              : HHH000400: Using dialect: org.hibernate.dialect.MySQLDialect
2023-11-03T11:26:42.628+04:00  INFO 10456 --- [restartedMain] j.LocalContainerEntityManagerFactoryBean : Initialized JPA EntityManagerFactory for persistence unit 'default'
2023-11-03T11:26:42.915+04:00  INFO 10456 --- [restartedMain] o.s.s.web.DefaultSecurityFilterChain     : Will secure any request with [org.springframework.security.web.session.DisableEncodeUrlFilter@ec907fc, org.springframework.security.web.context.request.async.WebAsyncManagerIntegrationFilter@373928b1, org.springframework.security.web.context.SecurityContextHolderFilter@4f10211f, org.springframework.security.web.header.HeaderWriterFilter@1838a995, org.springframework.web.filter.CorsFilter@7db0e54d, org.springframework.security.web.authentication.logout.LogoutFilter@604e8c1d, az.spring.bookstore.security.JwtRequestFilter@52d97ac3, org.springframework.security.web.savedrequest.RequestCacheAwareFilter@1a5e990e, org.springframework.security.web.servletapi.SecurityContextHolderAwareRequestFilter@47f7ffd1, org.springframework.security.web.authentication.AnonymousAuthenticationFilter@7db5f9b6, org.springframework.security.web.session.SessionManagementFilter@1bce490e, org.springframework.security.web.access.ExceptionTranslationFilter@1a89f249, org.springframework.security.web.access.intercept.AuthorizationFilter@1af34edb]
2023-11-03T11:26:43.009+04:00  INFO 10456 --- [restartedMain] o.s.b.d.a.OptionalLiveReloadServer       : LiveReload server is running on port 35729
2023-11-03T11:26:43.022+04:00  INFO 10456 --- [restartedMain] o.s.b.w.embedded.tomcat.TomcatWebServer  : Tomcat started on port(s): 8585 (http) with context path ''
2023-11-03T11:26:43.026+04:00  INFO 10456 --- [restartedMain] a.spring.bookstore.BookstoreApplication  : Started BookstoreApplication in 0.96 seconds (process running for 95.315)
2023-11-03T11:26:43.028+04:00  INFO 10456 --- [restartedMain] .ConditionEvaluationDeltaLoggingListener : Condition evaluation unchanged
2023-11-03T11:26:49.645+04:00  INFO 10456 --- [http-nio-8585-exec-2] o.a.c.c.C.[Tomcat-1].[localhost].[/]     : Initializing Spring DispatcherServlet 'dispatcherServlet'
2023-11-03T11:26:52.601+04:00  INFO 10456 --- [SpringApplicationShutdownHook] j.LocalContainerEntityManagerFactoryBean : Closing JPA EntityManagerFactory for persistence unit 'default'
2023-11-03T11:26:52.602+04:00  INFO 10456 --- [SpringApplicationShutdownHook] com.zaxxer.hikari.HikariDataSource       : HikariPool-3 - Shutdown initiated...
2023-11-03T11:26:52.609+04:00  INFO 10456 --- [SpringApplicationShutdownHook] com.zaxxer.hikari.HikariDataSource       : HikariPool-3 - Shutdown completed.
2023-11-03T11:28:06.191+04:00  INFO 14192 --- [restartedMain] a.spring.bookstore.BookstoreApplication  : Starting BookstoreApplication using Java 19.0.2 with PID 14192 (C:\Users\User\Desktop\book-store\target\classes started by User in C:\Users\User\Desktop\book-store)
2023-11-03T11:28:06.193+04:00  INFO 14192 --- [restartedMain] a.spring.bookstore.BookstoreApplication  : No active profile set, falling back to 1 default profile: "default"
2023-11-03T11:28:06.250+04:00  INFO 14192 --- [restartedMain] .e.DevToolsPropertyDefaultsPostProcessor : Devtools property defaults active! Set 'spring.devtools.add-properties' to 'false' to disable
2023-11-03T11:28:06.250+04:00  INFO 14192 --- [restartedMain] .e.DevToolsPropertyDefaultsPostProcessor : For additional web related logging consider setting the 'logging.level.web' property to 'DEBUG'
2023-11-03T11:28:06.922+04:00  INFO 14192 --- [restartedMain] .s.d.r.c.RepositoryConfigurationDelegate : Bootstrapping Spring Data JPA repositories in DEFAULT mode.
2023-11-03T11:28:06.989+04:00  INFO 14192 --- [restartedMain] .s.d.r.c.RepositoryConfigurationDelegate : Finished Spring Data repository scanning in 61 ms. Found 4 JPA repository interfaces.
2023-11-03T11:28:07.570+04:00  INFO 14192 --- [restartedMain] o.s.b.w.embedded.tomcat.TomcatWebServer  : Tomcat initialized with port(s): 8585 (http)
2023-11-03T11:28:07.580+04:00  INFO 14192 --- [restartedMain] o.apache.catalina.core.StandardService   : Starting service [Tomcat]
2023-11-03T11:28:07.581+04:00  INFO 14192 --- [restartedMain] o.apache.catalina.core.StandardEngine    : Starting Servlet engine: [Apache Tomcat/10.1.1]
2023-11-03T11:28:07.626+04:00  INFO 14192 --- [restartedMain] o.a.c.c.C.[Tomcat].[localhost].[/]       : Initializing Spring embedded WebApplicationContext
2023-11-03T11:28:07.626+04:00  INFO 14192 --- [restartedMain] w.s.c.ServletWebServerApplicationContext : Root WebApplicationContext: initialization completed in 1375 ms
2023-11-03T11:28:08.012+04:00  INFO 14192 --- [restartedMain] com.zaxxer.hikari.HikariDataSource       : HikariPool-1 - Starting...
2023-11-03T11:28:08.275+04:00  INFO 14192 --- [restartedMain] com.zaxxer.hikari.pool.HikariPool        : HikariPool-1 - Added connection com.mysql.cj.jdbc.ConnectionImpl@48229385
2023-11-03T11:28:08.276+04:00  INFO 14192 --- [restartedMain] com.zaxxer.hikari.HikariDataSource       : HikariPool-1 - Start completed.
2023-11-03T11:28:08.331+04:00  INFO 14192 --- [restartedMain] SQL dialect                              : HHH000400: Using dialect: org.hibernate.dialect.MySQLDialect
2023-11-03T11:28:09.365+04:00  INFO 14192 --- [restartedMain] j.LocalContainerEntityManagerFactoryBean : Initialized JPA EntityManagerFactory for persistence unit 'default'
2023-11-03T11:28:10.133+04:00  INFO 14192 --- [restartedMain] o.s.s.web.DefaultSecurityFilterChain     : Will secure any request with [org.springframework.security.web.session.DisableEncodeUrlFilter@a201281, org.springframework.security.web.context.request.async.WebAsyncManagerIntegrationFilter@63e8c267, org.springframework.security.web.context.SecurityContextHolderFilter@18a874a0, org.springframework.security.web.header.HeaderWriterFilter@6411fed3, org.springframework.web.filter.CorsFilter@b8e1f80, org.springframework.security.web.authentication.logout.LogoutFilter@c69f70a, az.spring.bookstore.security.JwtRequestFilter@265c2e95, org.springframework.security.web.savedrequest.RequestCacheAwareFilter@586c4737, org.springframework.security.web.servletapi.SecurityContextHolderAwareRequestFilter@899d837, org.springframework.security.web.authentication.AnonymousAuthenticationFilter@22b8f72d, org.springframework.security.web.session.SessionManagementFilter@1a190120, org.springframework.security.web.access.ExceptionTranslationFilter@4c9b8004, org.springframework.security.web.access.intercept.AuthorizationFilter@522770c2]
2023-11-03T11:28:10.376+04:00  INFO 14192 --- [restartedMain] o.s.b.d.a.OptionalLiveReloadServer       : LiveReload server is running on port 35729
2023-11-03T11:28:10.411+04:00  INFO 14192 --- [restartedMain] o.s.b.w.embedded.tomcat.TomcatWebServer  : Tomcat started on port(s): 8585 (http) with context path ''
2023-11-03T11:28:10.420+04:00  INFO 14192 --- [restartedMain] a.spring.bookstore.BookstoreApplication  : Started BookstoreApplication in 4.734 seconds (process running for 5.567)
2023-11-03T11:28:13.442+04:00  INFO 14192 --- [http-nio-8585-exec-5] o.a.c.c.C.[Tomcat].[localhost].[/]       : Initializing Spring DispatcherServlet 'dispatcherServlet'
2023-11-03T11:28:21.167+04:00  INFO 14192 --- [SpringApplicationShutdownHook] j.LocalContainerEntityManagerFactoryBean : Closing JPA EntityManagerFactory for persistence unit 'default'
2023-11-03T11:28:21.170+04:00  INFO 14192 --- [SpringApplicationShutdownHook] com.zaxxer.hikari.HikariDataSource       : HikariPool-1 - Shutdown initiated...
2023-11-03T11:28:21.181+04:00  INFO 14192 --- [SpringApplicationShutdownHook] com.zaxxer.hikari.HikariDataSource       : HikariPool-1 - Shutdown completed.
2023-11-03T11:31:04.711+04:00  INFO 4024 --- [main] a.s.bookstore.BookstoreApplicationTests  : Starting BookstoreApplicationTests using Java 19.0.2 with PID 4024 (started by User in C:\Users\User\Desktop\book-store)
2023-11-03T11:31:04.713+04:00  INFO 4024 --- [main] a.s.bookstore.BookstoreApplicationTests  : No active profile set, falling back to 1 default profile: "default"
2023-11-03T11:31:05.789+04:00  INFO 4024 --- [main] .s.d.r.c.RepositoryConfigurationDelegate : Bootstrapping Spring Data JPA repositories in DEFAULT mode.
2023-11-03T11:31:05.917+04:00  INFO 4024 --- [main] .s.d.r.c.RepositoryConfigurationDelegate : Finished Spring Data repository scanning in 109 ms. Found 4 JPA repository interfaces.
2023-11-03T11:31:07.014+04:00  INFO 4024 --- [main] com.zaxxer.hikari.HikariDataSource       : HikariPool-1 - Starting...
2023-11-03T11:31:07.448+04:00  INFO 4024 --- [main] com.zaxxer.hikari.pool.HikariPool        : HikariPool-1 - Added connection com.mysql.cj.jdbc.ConnectionImpl@71b0289b
2023-11-03T11:31:07.452+04:00  INFO 4024 --- [main] com.zaxxer.hikari.HikariDataSource       : HikariPool-1 - Start completed.
2023-11-03T11:31:07.525+04:00  INFO 4024 --- [main] SQL dialect                              : HHH000400: Using dialect: org.hibernate.dialect.MySQLDialect
2023-11-03T11:31:09.029+04:00  INFO 4024 --- [main] j.LocalContainerEntityManagerFactoryBean : Initialized JPA EntityManagerFactory for persistence unit 'default'
2023-11-03T11:31:10.219+04:00  INFO 4024 --- [main] o.s.s.web.DefaultSecurityFilterChain     : Will secure any request with [org.springframework.security.web.session.DisableEncodeUrlFilter@5e572ad6, org.springframework.security.web.context.request.async.WebAsyncManagerIntegrationFilter@709353b9, org.springframework.security.web.context.SecurityContextHolderFilter@622c658d, org.springframework.security.web.header.HeaderWriterFilter@46374b8, org.springframework.web.filter.CorsFilter@69c53b72, org.springframework.security.web.authentication.logout.LogoutFilter@56adb75e, az.spring.bookstore.security.JwtRequestFilter@7c855ef0, org.springframework.security.web.savedrequest.RequestCacheAwareFilter@2e640411, org.springframework.security.web.servletapi.SecurityContextHolderAwareRequestFilter@5e609b42, org.springframework.security.web.authentication.AnonymousAuthenticationFilter@768967cf, org.springframework.security.web.session.SessionManagementFilter@65c634f2, org.springframework.security.web.access.ExceptionTranslationFilter@490dfe25, org.springframework.security.web.access.intercept.AuthorizationFilter@756b703d]
2023-11-03T11:31:10.655+04:00  INFO 4024 --- [main] a.s.bookstore.BookstoreApplicationTests  : Started BookstoreApplicationTests in 6.392 seconds (process running for 7.539)
2023-11-03T11:31:10.982+04:00  INFO 4024 --- [SpringApplicationShutdownHook] j.LocalContainerEntityManagerFactoryBean : Closing JPA EntityManagerFactory for persistence unit 'default'
2023-11-03T11:31:10.990+04:00  INFO 4024 --- [SpringApplicationShutdownHook] com.zaxxer.hikari.HikariDataSource       : HikariPool-1 - Shutdown initiated...
2023-11-03T11:31:11.003+04:00  INFO 4024 --- [SpringApplicationShutdownHook] com.zaxxer.hikari.HikariDataSource       : HikariPool-1 - Shutdown completed.
2023-11-03T11:33:48.577+04:00  INFO 9092 --- [restartedMain] a.spring.bookstore.BookstoreApplication  : Starting BookstoreApplication using Java 19.0.2 with PID 9092 (C:\Users\User\Desktop\book-store\target\classes started by User in C:\Users\User\Desktop\book-store)
2023-11-03T11:33:48.580+04:00  INFO 9092 --- [restartedMain] a.spring.bookstore.BookstoreApplication  : No active profile set, falling back to 1 default profile: "default"
2023-11-03T11:33:48.641+04:00  INFO 9092 --- [restartedMain] .e.DevToolsPropertyDefaultsPostProcessor : Devtools property defaults active! Set 'spring.devtools.add-properties' to 'false' to disable
2023-11-03T11:33:48.641+04:00  INFO 9092 --- [restartedMain] .e.DevToolsPropertyDefaultsPostProcessor : For additional web related logging consider setting the 'logging.level.web' property to 'DEBUG'
2023-11-03T11:33:49.319+04:00  INFO 9092 --- [restartedMain] .s.d.r.c.RepositoryConfigurationDelegate : Bootstrapping Spring Data JPA repositories in DEFAULT mode.
2023-11-03T11:33:49.390+04:00  INFO 9092 --- [restartedMain] .s.d.r.c.RepositoryConfigurationDelegate : Finished Spring Data repository scanning in 62 ms. Found 4 JPA repository interfaces.
2023-11-03T11:33:49.984+04:00  INFO 9092 --- [restartedMain] o.s.b.w.embedded.tomcat.TomcatWebServer  : Tomcat initialized with port(s): 8585 (http)
2023-11-03T11:33:49.993+04:00  INFO 9092 --- [restartedMain] o.apache.catalina.core.StandardService   : Starting service [Tomcat]
2023-11-03T11:33:49.994+04:00  INFO 9092 --- [restartedMain] o.apache.catalina.core.StandardEngine    : Starting Servlet engine: [Apache Tomcat/10.1.1]
2023-11-03T11:33:50.038+04:00  INFO 9092 --- [restartedMain] o.a.c.c.C.[Tomcat].[localhost].[/]       : Initializing Spring embedded WebApplicationContext
2023-11-03T11:33:50.039+04:00  INFO 9092 --- [restartedMain] w.s.c.ServletWebServerApplicationContext : Root WebApplicationContext: initialization completed in 1396 ms
2023-11-03T11:33:50.419+04:00  INFO 9092 --- [restartedMain] com.zaxxer.hikari.HikariDataSource       : HikariPool-1 - Starting...
2023-11-03T11:33:50.681+04:00  INFO 9092 --- [restartedMain] com.zaxxer.hikari.pool.HikariPool        : HikariPool-1 - Added connection com.mysql.cj.jdbc.ConnectionImpl@16ea1eaa
2023-11-03T11:33:50.684+04:00  INFO 9092 --- [restartedMain] com.zaxxer.hikari.HikariDataSource       : HikariPool-1 - Start completed.
2023-11-03T11:33:50.728+04:00  INFO 9092 --- [restartedMain] SQL dialect                              : HHH000400: Using dialect: org.hibernate.dialect.MySQLDialect
2023-11-03T11:33:51.741+04:00  INFO 9092 --- [restartedMain] j.LocalContainerEntityManagerFactoryBean : Initialized JPA EntityManagerFactory for persistence unit 'default'
2023-11-03T11:33:52.586+04:00  INFO 9092 --- [restartedMain] o.s.s.web.DefaultSecurityFilterChain     : Will secure any request with [org.springframework.security.web.session.DisableEncodeUrlFilter@2932eb30, org.springframework.security.web.context.request.async.WebAsyncManagerIntegrationFilter@2d225add, org.springframework.security.web.context.SecurityContextHolderFilter@365da311, org.springframework.security.web.header.HeaderWriterFilter@7c90089d, org.springframework.web.filter.CorsFilter@2b500bda, org.springframework.security.web.authentication.logout.LogoutFilter@170e2ea4, az.spring.bookstore.security.JwtRequestFilter@3f37bdbb, org.springframework.security.web.savedrequest.RequestCacheAwareFilter@9818d7f, org.springframework.security.web.servletapi.SecurityContextHolderAwareRequestFilter@4d6a3185, org.springframework.security.web.authentication.AnonymousAuthenticationFilter@359abded, org.springframework.security.web.session.SessionManagementFilter@75a788fb, org.springframework.security.web.access.ExceptionTranslationFilter@370fdab8, org.springframework.security.web.access.intercept.AuthorizationFilter@1f5378eb]
2023-11-03T11:33:52.810+04:00  INFO 9092 --- [restartedMain] o.s.b.d.a.OptionalLiveReloadServer       : LiveReload server is running on port 35729
2023-11-03T11:33:52.845+04:00  INFO 9092 --- [restartedMain] o.s.b.w.embedded.tomcat.TomcatWebServer  : Tomcat started on port(s): 8585 (http) with context path ''
2023-11-03T11:33:52.855+04:00  INFO 9092 --- [restartedMain] a.spring.bookstore.BookstoreApplication  : Started BookstoreApplication in 4.82 seconds (process running for 5.703)
2023-11-03T11:33:58.491+04:00  INFO 9092 --- [http-nio-8585-exec-1] o.a.c.c.C.[Tomcat].[localhost].[/]       : Initializing Spring DispatcherServlet 'dispatcherServlet'
2023-11-03T11:34:01.436+04:00  INFO 9092 --- [SpringApplicationShutdownHook] j.LocalContainerEntityManagerFactoryBean : Closing JPA EntityManagerFactory for persistence unit 'default'
2023-11-03T11:34:01.436+04:00  INFO 9092 --- [SpringApplicationShutdownHook] com.zaxxer.hikari.HikariDataSource       : HikariPool-1 - Shutdown initiated...
2023-11-03T11:34:01.457+04:00  INFO 9092 --- [SpringApplicationShutdownHook] com.zaxxer.hikari.HikariDataSource       : HikariPool-1 - Shutdown completed.
2023-11-03T11:34:30.820+04:00  INFO 10208 --- [restartedMain] a.spring.bookstore.BookstoreApplication  : Starting BookstoreApplication using Java 19.0.2 with PID 10208 (C:\Users\User\Desktop\book-store\target\classes started by User in C:\Users\User\Desktop\book-store)
2023-11-03T11:34:30.823+04:00  INFO 10208 --- [restartedMain] a.spring.bookstore.BookstoreApplication  : No active profile set, falling back to 1 default profile: "default"
2023-11-03T11:34:30.878+04:00  INFO 10208 --- [restartedMain] .e.DevToolsPropertyDefaultsPostProcessor : Devtools property defaults active! Set 'spring.devtools.add-properties' to 'false' to disable
2023-11-03T11:34:30.879+04:00  INFO 10208 --- [restartedMain] .e.DevToolsPropertyDefaultsPostProcessor : For additional web related logging consider setting the 'logging.level.web' property to 'DEBUG'
2023-11-03T11:34:31.508+04:00  INFO 10208 --- [restartedMain] .s.d.r.c.RepositoryConfigurationDelegate : Bootstrapping Spring Data JPA repositories in DEFAULT mode.
2023-11-03T11:34:31.572+04:00  INFO 10208 --- [restartedMain] .s.d.r.c.RepositoryConfigurationDelegate : Finished Spring Data repository scanning in 58 ms. Found 4 JPA repository interfaces.
2023-11-03T11:34:32.142+04:00  INFO 10208 --- [restartedMain] o.s.b.w.embedded.tomcat.TomcatWebServer  : Tomcat initialized with port(s): 8585 (http)
2023-11-03T11:34:32.150+04:00  INFO 10208 --- [restartedMain] o.apache.catalina.core.StandardService   : Starting service [Tomcat]
2023-11-03T11:34:32.151+04:00  INFO 10208 --- [restartedMain] o.apache.catalina.core.StandardEngine    : Starting Servlet engine: [Apache Tomcat/10.1.1]
2023-11-03T11:34:32.197+04:00  INFO 10208 --- [restartedMain] o.a.c.c.C.[Tomcat].[localhost].[/]       : Initializing Spring embedded WebApplicationContext
2023-11-03T11:34:32.198+04:00  INFO 10208 --- [restartedMain] w.s.c.ServletWebServerApplicationContext : Root WebApplicationContext: initialization completed in 1319 ms
2023-11-03T11:34:32.576+04:00  INFO 10208 --- [restartedMain] com.zaxxer.hikari.HikariDataSource       : HikariPool-1 - Starting...
2023-11-03T11:34:32.847+04:00  INFO 10208 --- [restartedMain] com.zaxxer.hikari.pool.HikariPool        : HikariPool-1 - Added connection com.mysql.cj.jdbc.ConnectionImpl@5a74fa27
2023-11-03T11:34:32.849+04:00  INFO 10208 --- [restartedMain] com.zaxxer.hikari.HikariDataSource       : HikariPool-1 - Start completed.
2023-11-03T11:34:32.904+04:00  INFO 10208 --- [restartedMain] SQL dialect                              : HHH000400: Using dialect: org.hibernate.dialect.MySQLDialect
2023-11-03T11:34:33.914+04:00  INFO 10208 --- [restartedMain] j.LocalContainerEntityManagerFactoryBean : Initialized JPA EntityManagerFactory for persistence unit 'default'
2023-11-03T11:34:34.763+04:00  INFO 10208 --- [restartedMain] o.s.s.web.DefaultSecurityFilterChain     : Will secure any request with [org.springframework.security.web.session.DisableEncodeUrlFilter@4e070f79, org.springframework.security.web.context.request.async.WebAsyncManagerIntegrationFilter@522770c2, org.springframework.security.web.context.SecurityContextHolderFilter@2345a960, org.springframework.security.web.header.HeaderWriterFilter@16f45612, org.springframework.web.filter.CorsFilter@4b346755, org.springframework.security.web.authentication.logout.LogoutFilter@1f212f82, az.spring.bookstore.security.JwtRequestFilter@4fcd9137, org.springframework.security.web.savedrequest.RequestCacheAwareFilter@3722cc2, org.springframework.security.web.servletapi.SecurityContextHolderAwareRequestFilter@1628c1ac, org.springframework.security.web.authentication.AnonymousAuthenticationFilter@7c2ab6ba, org.springframework.security.web.session.SessionManagementFilter@6bea51f1, org.springframework.security.web.access.ExceptionTranslationFilter@9818d7f, org.springframework.security.web.access.intercept.AuthorizationFilter@722dc231]
2023-11-03T11:34:34.992+04:00  INFO 10208 --- [restartedMain] o.s.b.d.a.OptionalLiveReloadServer       : LiveReload server is running on port 35729
2023-11-03T11:34:35.033+04:00  INFO 10208 --- [restartedMain] o.s.b.w.embedded.tomcat.TomcatWebServer  : Tomcat started on port(s): 8585 (http) with context path ''
2023-11-03T11:34:35.042+04:00  INFO 10208 --- [restartedMain] a.spring.bookstore.BookstoreApplication  : Started BookstoreApplication in 4.751 seconds (process running for 5.522)
2023-11-03T11:34:39.518+04:00  INFO 10208 --- [http-nio-8585-exec-8] o.a.c.c.C.[Tomcat].[localhost].[/]       : Initializing Spring DispatcherServlet 'dispatcherServlet'
2023-11-03T11:34:44.481+04:00  INFO 10208 --- [SpringApplicationShutdownHook] j.LocalContainerEntityManagerFactoryBean : Closing JPA EntityManagerFactory for persistence unit 'default'
2023-11-03T11:34:44.485+04:00  INFO 10208 --- [SpringApplicationShutdownHook] com.zaxxer.hikari.HikariDataSource       : HikariPool-1 - Shutdown initiated...
2023-11-03T11:34:44.496+04:00  INFO 10208 --- [SpringApplicationShutdownHook] com.zaxxer.hikari.HikariDataSource       : HikariPool-1 - Shutdown completed.
